<?xml version="1.0" encoding="UTF-8"?>
<testng-results skipped="0" failed="0" ignored="0" total="3" passed="3">
  <reporter-output>
  </reporter-output>
  <suite name="Walmart Test Script" duration-ms="28344" started-at="2021-03-26T18:58:20 EDT" finished-at="2021-03-26T18:58:49 EDT">
    <groups>
    </groups>
    <test name="Amazon Home" duration-ms="28344" started-at="2021-03-26T18:58:20 EDT" finished-at="2021-03-26T18:58:49 EDT">
      <class name="tests.test3">
        <test-method status="PASS" signature="open()[pri:0, instance:tests.test3@5ce81285]" name="open" is-config="true" duration-ms="4769" started-at="2021-03-26T18:58:41 EDT" finished-at="2021-03-26T18:58:46 EDT">
          <reporter-output>
          </reporter-output>
        </test-method> <!-- open -->
        <test-method status="PASS" signature="testThree()[pri:0, instance:tests.test3@5ce81285]" name="testThree" duration-ms="1125" started-at="2021-03-26T18:58:46 EDT" finished-at="2021-03-26T18:58:47 EDT">
          <reporter-output>
          </reporter-output>
        </test-method> <!-- testThree -->
        <test-method status="PASS" signature="close()[pri:0, instance:tests.test3@5ce81285]" name="close" is-config="true" duration-ms="1490" started-at="2021-03-26T18:58:47 EDT" finished-at="2021-03-26T18:58:49 EDT">
          <reporter-output>
          </reporter-output>
        </test-method> <!-- close -->
      </class> <!-- tests.test3 -->
      <class name="tests.test1">
        <test-method status="PASS" signature="open()[pri:0, instance:tests.test1@1e397ed7]" name="open" is-config="true" duration-ms="9865" started-at="2021-03-26T18:58:20 EDT" finished-at="2021-03-26T18:58:30 EDT">
          <reporter-output>
          </reporter-output>
        </test-method> <!-- open -->
        <test-method status="PASS" signature="testOne()[pri:0, instance:tests.test1@1e397ed7]" name="testOne" duration-ms="5001" started-at="2021-03-26T18:58:30 EDT" finished-at="2021-03-26T18:58:35 EDT">
          <reporter-output>
          </reporter-output>
        </test-method> <!-- testOne -->
        <test-method status="PASS" signature="close()[pri:0, instance:tests.test1@1e397ed7]" name="close" is-config="true" duration-ms="1360" started-at="2021-03-26T18:58:35 EDT" finished-at="2021-03-26T18:58:37 EDT">
          <reporter-output>
          </reporter-output>
        </test-method> <!-- close -->
      </class> <!-- tests.test1 -->
      <class name="tests.test2">
        <test-method status="PASS" signature="open()[pri:0, instance:tests.test2@52a86356]" name="open" is-config="true" duration-ms="3643" started-at="2021-03-26T18:58:37 EDT" finished-at="2021-03-26T18:58:40 EDT">
          <reporter-output>
          </reporter-output>
        </test-method> <!-- open -->
        <test-method status="PASS" signature="testTwo()[pri:0, instance:tests.test2@52a86356]" name="testTwo" duration-ms="7" started-at="2021-03-26T18:58:40 EDT" finished-at="2021-03-26T18:58:40 EDT">
          <reporter-output>
          </reporter-output>
        </test-method> <!-- testTwo -->
        <test-method status="PASS" signature="close()[pri:0, instance:tests.test2@52a86356]" name="close" is-config="true" duration-ms="1045" started-at="2021-03-26T18:58:40 EDT" finished-at="2021-03-26T18:58:41 EDT">
          <reporter-output>
          </reporter-output>
        </test-method> <!-- close -->
      </class> <!-- tests.test2 -->
    </test> <!-- Amazon Home -->
  </suite> <!-- Walmart Test Script -->
</testng-results>
